[debug] [2019-12-12T12:29:23.720Z] ----------------------------------------------------------------------
[debug] [2019-12-12T12:29:23.723Z] Command:       /usr/local/bin/node /usr/local/bin/firebase deploy
[debug] [2019-12-12T12:29:23.723Z] CLI Version:   6.10.0
[debug] [2019-12-12T12:29:23.723Z] Platform:      darwin
[debug] [2019-12-12T12:29:23.723Z] Node Version:  v10.15.0
[debug] [2019-12-12T12:29:23.727Z] Time:          Thu Dec 12 2019 21:29:23 GMT+0900 (GMT+09:00)
[debug] [2019-12-12T12:29:23.727Z] ----------------------------------------------------------------------
[debug] 
[debug] [2019-12-12T12:29:23.741Z] > command requires scopes: ["email","openid","https://www.googleapis.com/auth/cloudplatformprojects.readonly","https://www.googleapis.com/auth/firebase","https://www.googleapis.com/auth/cloud-platform"]
[debug] [2019-12-12T12:29:23.742Z] > authorizing via signed-in user
[debug] [2019-12-12T12:29:23.742Z] [iam] checking project oauth-project-d0540 for permissions ["firebase.projects.get","firebasehosting.sites.update"]
[debug] [2019-12-12T12:29:23.746Z] >>> HTTP REQUEST POST https://cloudresourcemanager.googleapis.com/v1/projects/oauth-project-d0540:testIamPermissions  

[debug] [2019-12-12T12:29:25.031Z] <<< HTTP RESPONSE 200
[debug] [2019-12-12T12:29:25.034Z] >>> HTTP REQUEST GET https://firebase.googleapis.com/v1beta1/projects/oauth-project-d0540  
 
[debug] [2019-12-12T12:29:25.946Z] <<< HTTP RESPONSE 200
[info] 
[info] === Deploying to 'oauth-project-d0540'...
[info] 
[info] i  deploying hosting
[debug] [2019-12-12T12:29:25.951Z] >>> HTTP REQUEST POST https://firebasehosting.googleapis.com/v1beta1/sites/oauth-project-d0540/versions  

[debug] [2019-12-12T12:29:27.771Z] <<< HTTP RESPONSE 200
[info] i  hosting[oauth-project-d0540]: beginning deploy...
[info] i  hosting[oauth-project-d0540]: found 167 files in build
[debug] [2019-12-12T12:29:27.833Z] [hosting] hash cache [YnVpbGQ] load error: lines is not defined
